/*C3*/SET SCHEMA PUBLIC
DROP TABLE food IF EXISTS
CREATE TABLE IF NOT EXISTS food(id INTEGER IDENTITY PRIMARY KEY, name VARCHAR(255), brand VARCHAR(255), quality VARCHAR(255), type VARCHAR(255), favorite BOOLEAN )
INSERT INTO FOOD VALUES(0,'Pulco Citron Vert','Pulco','GOOD','DRINK',FALSE)
COMMIT
INSERT INTO FOOD VALUES(1,'Coca-Cola Zero','The Coca-Cola Company','BAD','DRINK',FALSE)
COMMIT
INSERT INTO FOOD VALUES(2,'Chicken Wings','KFC','MEDIOCRE','MEAT',FALSE)
COMMIT
INSERT INTO FOOD VALUES(3,'Salade Iceberg','Naturalia','EXCELLENT','VEGETABLE',FALSE)
COMMIT
INSERT INTO FOOD VALUES(4,'Th\u00e9 Vert','Lipton','EXCELLENT','DRINK',FALSE)
COMMIT
DELETE FROM FOOD WHERE ID=0
INSERT INTO FOOD VALUES(0,'Pulco Citron Vert','Pulco','GOOD','DRINK',TRUE)
COMMIT
DELETE FROM FOOD WHERE ID=0
INSERT INTO FOOD VALUES(0,'Pulco Citron Vert','Pulco','GOOD','DRINK',FALSE)
COMMIT
DELETE FROM FOOD WHERE ID=0
INSERT INTO FOOD VALUES(0,'Pulco Citron Vert','Pulco','GOOD','DRINK',TRUE)
COMMIT
/*C5*/SET SCHEMA PUBLIC
DISCONNECT
/*C11*/SET SCHEMA PUBLIC
DISCONNECT
/*C8*/SET SCHEMA PUBLIC
DISCONNECT
/*C10*/SET SCHEMA PUBLIC
DISCONNECT
/*C4*/SET SCHEMA PUBLIC
DISCONNECT
/*C6*/SET SCHEMA PUBLIC
DISCONNECT
/*C12*/SET SCHEMA PUBLIC
DISCONNECT
/*C9*/SET SCHEMA PUBLIC
DISCONNECT
/*C3*/DISCONNECT
/*C7*/SET SCHEMA PUBLIC
DISCONNECT
/*C13*/SET SCHEMA PUBLIC
DISCONNECT
/*C15*/SET SCHEMA PUBLIC
DISCONNECT
/*C16*/SET SCHEMA PUBLIC
DISCONNECT
/*C18*/SET SCHEMA PUBLIC
DISCONNECT
/*C19*/SET SCHEMA PUBLIC
DISCONNECT
/*C14*/SET SCHEMA PUBLIC
DISCONNECT
/*C21*/SET SCHEMA PUBLIC
DISCONNECT
/*C17*/SET SCHEMA PUBLIC
DISCONNECT
/*C22*/SET SCHEMA PUBLIC
DISCONNECT
/*C20*/SET SCHEMA PUBLIC
DISCONNECT
